<?xml version="1.0" encoding="UTF-8"?>
<testng-results ignored="0" total="3" passed="3" failed="0" skipped="0">
  <reporter-output>
  </reporter-output>
  <suite started-at="2024-01-28T11:33:42 IST" name="Default suite" finished-at="2024-01-28T11:34:07 IST" duration-ms="24784">
    <groups>
      <group name="cucumber">
        <method signature="AbstractTestNGCucumberTests.runScenario(io.cucumber.testng.PickleWrapper,io.cucumber.testng.FeatureWrapper)[pri:0, instance:cucumber.opt.runner@8f4ea7c]" name="runScenario" class="io.cucumber.testng.AbstractTestNGCucumberTests"/>
      </group> <!-- cucumber -->
    </groups>
    <test started-at="2024-01-28T11:33:42 IST" name="Default test" finished-at="2024-01-28T11:34:07 IST" duration-ms="24784">
      <class name="cucumber.opt.runner">
        <test-method is-config="true" signature="setUpClass(org.testng.ITestContext)[pri:0, instance:cucumber.opt.runner@8f4ea7c]" started-at="2024-01-28T11:33:42 IST" name="setUpClass" finished-at="2024-01-28T11:33:43 IST" duration-ms="422" status="PASS">
          <params>
            <param index="0">
              <value>
                <![CDATA[org.testng.TestRunner@cda6019]]>
              </value>
            </param>
          </params>
          <reporter-output>
          </reporter-output>
        </test-method> <!-- setUpClass -->
        <test-method signature="runScenario(io.cucumber.testng.PickleWrapper,io.cucumber.testng.FeatureWrapper)[pri:0, instance:cucumber.opt.runner@8f4ea7c]" started-at="2024-01-28T11:33:43 IST" name="runScenario" description="Runs Cucumber Scenarios" data-provider="scenarios" finished-at="2024-01-28T11:33:50 IST" duration-ms="6995" status="PASS">
          <params>
            <param index="0">
              <value>
                <![CDATA["Valiate filter functionality"]]>
              </value>
            </param>
            <param index="1">
              <value>
                <![CDATA["filter functionality"]]>
              </value>
            </param>
          </params>
          <reporter-output>
          </reporter-output>
        </test-method> <!-- runScenario -->
        <test-method signature="runScenario(io.cucumber.testng.PickleWrapper,io.cucumber.testng.FeatureWrapper)[pri:0, instance:cucumber.opt.runner@8f4ea7c]" started-at="2024-01-28T11:33:50 IST" name="runScenario" description="Runs Cucumber Scenarios" data-provider="scenarios" finished-at="2024-01-28T11:33:56 IST" duration-ms="6128" status="PASS">
          <params>
            <param index="0">
              <value>
                <![CDATA["sign in feature valiadation"]]>
              </value>
            </param>
            <param index="1">
              <value>
                <![CDATA["validate sign in features"]]>
              </value>
            </param>
          </params>
          <reporter-output>
          </reporter-output>
        </test-method> <!-- runScenario -->
        <test-method signature="runScenario(io.cucumber.testng.PickleWrapper,io.cucumber.testng.FeatureWrapper)[pri:0, instance:cucumber.opt.runner@8f4ea7c]" started-at="2024-01-28T11:33:56 IST" name="runScenario" description="Runs Cucumber Scenarios" data-provider="scenarios" finished-at="2024-01-28T11:34:06 IST" duration-ms="10632" status="PASS">
          <params>
            <param index="0">
              <value>
                <![CDATA["login with invalide credientials"]]>
              </value>
            </param>
            <param index="1">
              <value>
                <![CDATA["validate sign in features"]]>
              </value>
            </param>
          </params>
          <reporter-output>
          </reporter-output>
        </test-method> <!-- runScenario -->
        <test-method is-config="true" signature="tearDownClass()[pri:0, instance:cucumber.opt.runner@8f4ea7c]" started-at="2024-01-28T11:34:06 IST" name="tearDownClass" finished-at="2024-01-28T11:34:07 IST" duration-ms="531" status="PASS">
          <reporter-output>
          </reporter-output>
        </test-method> <!-- tearDownClass -->
      </class> <!-- cucumber.opt.runner -->
    </test> <!-- Default test -->
  </suite> <!-- Default suite -->
</testng-results>
